<?xml version="1.0" encoding="UTF-8"?>
<testsuite name="test_1"
           tests="20"
           failures="1"
           errors="0"
           skipped="0"
           time="159.648">
  <properties />
            <testcase name="Doc" time="15.983" classname="com.coolead.test_scripts.Test_Total">
                <failure type="org.openqa.selenium.WebDriverException"
                  message="unknown error: Element is not clickable at point (722, 252). Other element would receive the click: &lt;div class=&quot;tags&quot; ng-class=&quot;{focused: hasFocus}&quot;&gt;...&lt;/div&gt;
  (Session info: chrome=50.0.2661.102)
  (Driver info: chromedriver=2.9.248315,platform=Windows NT 6.1 SP1 x86_64) (WARNING: The server did not provide any stacktrace information)
Command duration or timeout: 52 milliseconds
Build info: version: &apos;2.53.0&apos;, revision: &apos;35ae25b&apos;, time: &apos;2016-03-15 16:57:40&apos;
System info: host: &apos;PC201701031452&apos;, ip: &apos;192.168.0.252&apos;, os.name: &apos;Windows 7&apos;, os.arch: &apos;amd64&apos;, os.version: &apos;6.1&apos;, java.version: &apos;1.8.0_71&apos;
Driver info: org.openqa.selenium.chrome.ChromeDriver
Capabilities [{applicationCacheEnabled=false, rotatable=false, chrome={userDataDir=C:\Users\ADMINI~1\AppData\Local\Temp\scoped_dir2724_25113}, takesHeapSnapshot=true, databaseEnabled=false, handlesAlerts=true, version=50.0.2661.102, platform=XP, browserConnectionEnabled=false, nativeEvents=true, acceptSslCerts=true, locationContextEnabled=true, webStorageEnabled=true, browserName=chrome, takesScreenshot=true, javascriptEnabled=true, cssSelectorsEnabled=true}]
Session ID: 14a010e8422d5d7dd412b9a2ecb5f1dd"
              >
<![CDATA[org.openqa.selenium.WebDriverException: unknown error: Element is not clickable at point (722, 252). Other element would receive the click: <div class="tags" ng-class="{focused: hasFocus}">...</div>
  (Session info: chrome=50.0.2661.102)
  (Driver info: chromedriver=2.9.248315,platform=Windows NT 6.1 SP1 x86_64) (WARNING: The server did not provide any stacktrace information)
Command duration or timeout: 52 milliseconds
Build info: version: '2.53.0', revision: '35ae25b', time: '2016-03-15 16:57:40'
System info: host: 'PC201701031452', ip: '192.168.0.252', os.name: 'Windows 7', os.arch: 'amd64', os.version: '6.1', java.version: '1.8.0_71'
Driver info: org.openqa.selenium.chrome.ChromeDriver
Capabilities [{applicationCacheEnabled=false, rotatable=false, chrome={userDataDir=C:\Users\ADMINI~1\AppData\Local\Temp\scoped_dir2724_25113}, takesHeapSnapshot=true, databaseEnabled=false, handlesAlerts=true, version=50.0.2661.102, platform=XP, browserConnectionEnabled=false, nativeEvents=true, acceptSslCerts=true, locationContextEnabled=true, webStorageEnabled=true, browserName=chrome, takesScreenshot=true, javascriptEnabled=true, cssSelectorsEnabled=true}]
Session ID: 14a010e8422d5d7dd412b9a2ecb5f1dd
  sun.reflect.NativeConstructorAccessorImpl.newInstance0(Native Method)
  sun.reflect.NativeConstructorAccessorImpl.newInstance(NativeConstructorAccessorImpl.java:62)
  sun.reflect.DelegatingConstructorAccessorImpl.newInstance(DelegatingConstructorAccessorImpl.java:45)
  java.lang.reflect.Constructor.newInstance(Constructor.java:422)
  org.openqa.selenium.remote.ErrorHandler.createThrowable(ErrorHandler.java:206)
  org.openqa.selenium.remote.ErrorHandler.throwIfResponseFailed(ErrorHandler.java:158)
  org.openqa.selenium.remote.RemoteWebDriver.execute(RemoteWebDriver.java:678)
  org.openqa.selenium.remote.RemoteWebElement.execute(RemoteWebElement.java:327)
  org.openqa.selenium.remote.RemoteWebElement.click(RemoteWebElement.java:85)
  com.coolead.modules.Doc_Manage.add_folder(Doc_Manage.java:40)
  com.coolead.test_scripts.Test_Total.Doc(Test_Total.java:85)
  sun.reflect.NativeMethodAccessorImpl.invoke0(Native Method)
  sun.reflect.NativeMethodAccessorImpl.invoke(NativeMethodAccessorImpl.java:62)
  sun.reflect.DelegatingMethodAccessorImpl.invoke(DelegatingMethodAccessorImpl.java:43)
  java.lang.reflect.Method.invoke(Method.java:497)
  org.testng.internal.MethodInvocationHelper.invokeMethod(MethodInvocationHelper.java:85)
  org.testng.internal.Invoker.invokeMethod(Invoker.java:639)
  org.testng.internal.Invoker.invokeTestMethod(Invoker.java:816)
  org.testng.internal.Invoker.invokeTestMethods(Invoker.java:1124)
  org.testng.internal.TestMethodWorker.invokeTestMethods(TestMethodWorker.java:125)
  org.testng.internal.TestMethodWorker.run(TestMethodWorker.java:108)
  org.testng.TestRunner.privateRun(TestRunner.java:774)
  org.testng.TestRunner.run(TestRunner.java:624)
  org.testng.SuiteRunner.runTest(SuiteRunner.java:359)
  org.testng.SuiteRunner.runSequentially(SuiteRunner.java:354)
  org.testng.SuiteRunner.privateRun(SuiteRunner.java:312)
  org.testng.SuiteRunner.run(SuiteRunner.java:261)
  org.testng.SuiteRunnerWorker.runSuite(SuiteRunnerWorker.java:52)
  org.testng.SuiteRunnerWorker.run(SuiteRunnerWorker.java:86)
  org.testng.TestNG.runSuitesSequentially(TestNG.java:1215)
  org.testng.TestNG.runSuitesLocally(TestNG.java:1140)
  org.testng.TestNG.run(TestNG.java:1048)
  org.testng.remote.RemoteTestNG.run(RemoteTestNG.java:112)
  org.testng.remote.RemoteTestNG.initAndRun(RemoteTestNG.java:205)
  org.testng.remote.RemoteTestNG.main(RemoteTestNG.java:176)
]]>
      </failure>

          </testcase>
  
  
            <testcase name="Add_Project" time="17.036" classname="com.coolead.test_scripts.Test_Total" />
                <testcase name="Task_Search" time="1.637" classname="com.coolead.test_scripts.Test_Total" />
                <testcase name="Add_Draft" time="1.415" classname="com.coolead.test_scripts.Test_Total" />
                <testcase name="Add_Subject" time="4.759" classname="com.coolead.test_scripts.Test_Total" />
                <testcase name="Service_Push" time="9.585" classname="com.coolead.test_scripts.Test_Total" />
                <testcase name="Add_Dictionary" time="13.362" classname="com.coolead.test_scripts.Test_Total" />
                <testcase name="Reback_Owner_Progress" time="9.009" classname="com.coolead.test_scripts.Test_Total" />
                <testcase name="Personal_Task" time="7.920" classname="com.coolead.test_scripts.Test_Total" />
                <testcase name="Add_Task" time="9.245" classname="com.coolead.test_scripts.Test_Total" />
                <testcase name="Report_Delete" time="7.796" classname="com.coolead.test_scripts.Test_Total" />
                <testcase name="Add_User" time="7.261" classname="com.coolead.test_scripts.Test_Total" />
                <testcase name="Project_Authority" time="8.886" classname="com.coolead.test_scripts.Test_Total" />
                <testcase name="Add_Report" time="10.657" classname="com.coolead.test_scripts.Test_Total" />
                <testcase name="Add_Plan" time="7.925" classname="com.coolead.test_scripts.Test_Total" />
                <testcase name="Change_Search" time="2.569" classname="com.coolead.test_scripts.Test_Total" />
                <testcase name="Add_Org" time="5.312" classname="com.coolead.test_scripts.Test_Total" />
                <testcase name="Add_Visa" time="5.117" classname="com.coolead.test_scripts.Test_Total" />
                <testcase name="User_Set" time="10.123" classname="com.coolead.test_scripts.Test_Total" />
                <testcase name="Add_Meeting" time="4.051" classname="com.coolead.test_scripts.Test_Total" />
      
</testsuite>
